<?xml version="1.0" encoding="UTF-8"?>
<!-- Generated by org.testng.reporters.JUnitReportReporter -->
<testsuite skipped="0" hostname="Macbooks-MacBook-Pro.local" name="page.login" tests="1" failures="0" timestamp="2020-02-17T15:22:05 CLST" time="13.423" errors="0">
  <testcase name="loginTest" time="13.423" classname="page.login"/>
</testsuite> <!-- page.login -->
